<?xml version="1.0" encoding="UTF-8"?>
<!-- Generated by org.testng.reporters.JUnitReportReporter -->
<testsuite hostname="KTLPT1386" failures="0" tests="5" name="APITestCase.ManageProfile" time="0.989" errors="0" timestamp="2024-09-04T12:53:45 IST" skipped="0">
  <testcase classname="APITestCase.ManageProfile" name="testUploadProfileImage" time="0.273"/>
  <system-out/>
  <testcase classname="APITestCase.ManageProfile" name="testUpdateUserProfile" time="0.214"/>
  <system-out/>
  <testcase classname="APITestCase.ManageProfile" name="testRemoveProfileImage" time="0.171"/>
  <system-out/>
  <testcase classname="APITestCase.ManageProfile" name="testGetUserProfile" time="0.158"/>
  <system-out/>
  <testcase classname="APITestCase.ManageProfile" name="testChangePassword" time="0.173"/>
  <system-out/>
</testsuite> <!-- APITestCase.ManageProfile -->
