<?xml version="1.0" encoding="UTF-8"?>
<!-- Generated by org.testng.reporters.JUnitXMLReporter -->
<testsuite ignored="0" hostname="KTLPT1386" failures="2" tests="130" name="Test" time="59.193" errors="0" timestamp="2024-09-04T12:53:45 IST">
  <testcase classname="APITestCase.Login" name="OtpVerification" time="0.281"/>
  <testcase classname="APITestCase.Login" name="ResetPassword" time="0.203"/>
  <testcase classname="APITestCase.Login" name="LoginWithOtp" time="1.373"/>
  <testcase classname="APITestCase.Login" name="LoginWithPassword" time="0.427"/>
  <testcase classname="APITestCase.Login" name="Logout" time="0.193"/>
  <testcase classname="APITestCase.Login" name="UserProfile" time="0.204"/>
  <testcase classname="APITestCase.Login" name="TestResetPassword" time="0.184"/>
  <testcase classname="APITestCase.ManageUser" name="AddUser" time="0.656"/>
  <testcase classname="APITestCase.ManageUser" name="ExportUser" time="0.961"/>
  <testcase classname="APITestCase.ManageUser" name="GetBranches" time="0.185"/>
  <testcase classname="APITestCase.ManageUser" name="GetUser" time="0.736"/>
  <testcase classname="APITestCase.ManageUser" name="GetVendorCompany" time="0.209"/>
  <testcase classname="APITestCase.ManageUser" name="ResendPassword" time="1.807"/>
  <testcase classname="APITestCase.ManageUser" name="ResetPassword" time="0.154"/>
  <testcase classname="APITestCase.ManageUser" name="RoleList" time="0.248"/>
  <testcase classname="APITestCase.ManageUser" name="UpdateUser" time="0.184"/>
  <testcase classname="APITestCase.ManageUser" name="UpdateUserStatus" time="0.18"/>
  <testcase classname="APITestCase.ManageUser" name="UploadUserProfileImage" time="0.315"/>
  <testcase classname="APITestCase.ManageUser" name="UsersCount" time="0.529"/>
  <testcase classname="APITestCase.ManageLead" name="AddLead" time="0.495">
    <failure type="java.lang.NullPointerException" message="Cannot invoke &amp;quot;java.lang.Integer.intValue()&amp;quot; because the return value of &amp;quot;io.restassured.path.json.JsonPath.get(String)&amp;quot; is null">
      <![CDATA[java.lang.NullPointerException: Cannot invoke "java.lang.Integer.intValue()" because the return value of "io.restassured.path.json.JsonPath.get(String)" is null
at APITestCase.ManageLead.AddLead(ManageLead.java:97)
at java.base/java.util.ArrayList.forEach(ArrayList.java:1511)
... Removed 27 stack frames]]>
    </failure>
  </testcase> <!-- AddLead -->
  <testcase classname="APITestCase.ManageLead" name="AddLeadActivity" time="0.293"/>
  <testcase classname="APITestCase.ManageLead" name="AddTaskForLead" time="0.2"/>
  <testcase classname="APITestCase.ManageLead" name="CheckLeadNumbers" time="0.142"/>
  <testcase classname="APITestCase.ManageLead" name="DeleteAttachment" time="0.157"/>
  <testcase classname="APITestCase.ManageLead" name="ExportLeads" time="3.533"/>
  <testcase classname="APITestCase.ManageLead" name="GetCity" time="0.126"/>
  <testcase classname="APITestCase.ManageLead" name="GetLeadActivity" time="0.108"/>
  <testcase classname="APITestCase.ManageLead" name="GetLeadDetails" time="0.161"/>
  <testcase classname="APITestCase.ManageLead" name="GetLeadHistory" time="0.17"/>
  <testcase classname="APITestCase.ManageLead" name="GetLeadOwner" time="0.201"/>
  <testcase classname="APITestCase.ManageLead" name="GetLeadStage" time="0.111"/>
  <testcase classname="APITestCase.ManageLead" name="GetLeadTask" time="0.176"/>
  <testcase classname="APITestCase.ManageLead" name="GetLeads" time="2.395"/>
  <testcase classname="APITestCase.ManageLead" name="GetRequirement" time="0.114"/>
  <testcase classname="APITestCase.ManageLead" name="GetStates" time="0.112"/>
  <testcase classname="APITestCase.ManageLead" name="GetTaskByLeadId" time="0.131"/>
  <testcase classname="APITestCase.ManageLead" name="MarkLeadAsStar" time="0.153"/>
  <testcase classname="APITestCase.ManageLead" name="MarkTaskAsCompleted" time="0.157"/>
  <testcase classname="APITestCase.ManageLead" name="RescheduleTask" time="0.172"/>
  <testcase classname="APITestCase.ManageLead" name="UpdateLead" time="0.305"/>
  <testcase classname="APITestCase.ManageLead" name="UploadLeadAttachment" time="0.268"/>
  <testcase classname="APITestCase.ManageLead" name="UpdateLeadStage" time="0.0">
    <skipped/>
  </testcase> <!-- UpdateLeadStage -->
  <testcase classname="APITestCase.ManageInventory" name="AddInventory" time="0.328"/>
  <testcase classname="APITestCase.ManageInventory" name="DeleteImage" time="0.148"/>
  <testcase classname="APITestCase.ManageInventory" name="GetProductDetails" time="0.158"/>
  <testcase classname="APITestCase.ManageInventory" name="UpdateProduct" time="0.14"/>
  <testcase classname="APITestCase.ManageInventory" name="AddProductImage" time="0.513"/>
  <testcase classname="APITestCase.ManageInventory" name="GetInventory" time="0.22"/>
  <testcase classname="APITestCase.ManageQuotation" name="AddLead" time="0.195"/>
  <testcase classname="APITestCase.ManageQuotation" name="AddQuotation" time="0.221"/>
  <testcase classname="APITestCase.ManageQuotation" name="AddShippingAddress" time="0.202"/>
  <testcase classname="APITestCase.ManageQuotation" name="ConvertToOrder" time="0.798"/>
  <testcase classname="APITestCase.ManageQuotation" name="DeleteQuotation" time="0.154"/>
  <testcase classname="APITestCase.ManageQuotation" name="DownloadQuotation" time="4.382"/>
  <testcase classname="APITestCase.ManageQuotation" name="ExportQuotation" time="0.336"/>
  <testcase classname="APITestCase.ManageQuotation" name="GetQuotation" time="0.177"/>
  <testcase classname="APITestCase.ManageQuotation" name="QuotationDetail" time="0.159"/>
  <testcase classname="APITestCase.ManageQuotation" name="UpdateBillingAddress" time="0.177"/>
  <testcase classname="APITestCase.ManageQuotation" name="UpdateQuotation" time="0.23"/>
  <testcase classname="APITestCase.ManageQuotation" name="UpdateShippingAddress" time="0.185"/>
  <testcase classname="APITestCase.ManageQuotation" name="AddBillingAddress" time="0.116"/>
  <testcase classname="APITestCase.ManageQuotation" name="RecheckStock" time="1.78"/>
  <testcase classname="APITestCase.ManageProfile" name="testChangePassword" time="0.173"/>
  <testcase classname="APITestCase.ManageProfile" name="testGetUserProfile" time="0.158"/>
  <testcase classname="APITestCase.ManageProfile" name="testRemoveProfileImage" time="0.171"/>
  <testcase classname="APITestCase.ManageProfile" name="testUploadProfileImage" time="0.273"/>
  <testcase classname="APITestCase.ManageProfile" name="testUpdateUserProfile" time="0.214"/>
  <testcase classname="APITestCase.RolesAndPermissions" name="RoleList" time="0.199"/>
  <testcase classname="APITestCase.RolesAndPermissions" name="createRole" time="0.191"/>
  <testcase classname="APITestCase.RolesAndPermissions" name="deleteRole" time="0.142"/>
  <testcase classname="APITestCase.RolesAndPermissions" name="editRole" time="0.19"/>
  <testcase classname="APITestCase.RolesAndPermissions" name="getRoles" time="0.115"/>
  <testcase classname="APITestCase.RolesAndPermissions" name="editRoleName" time="0.161"/>
  <testcase classname="APITestCase.RolesAndPermissions" name="getRoleDetail" time="0.16"/>
  <testcase classname="APITestCase.Dashboard" name="ExportLeadConversionReport" time="0.272"/>
  <testcase classname="APITestCase.Dashboard" name="ExportLeadGenerationSources" time="0.271"/>
  <testcase classname="APITestCase.Dashboard" name="ExportLeadOverDueTask" time="0.27"/>
  <testcase classname="APITestCase.Dashboard" name="ExportNotYetConvertedQuotation" time="0.279"/>
  <testcase classname="APITestCase.Dashboard" name="ExportQuotationAnalytics" time="0.401"/>
  <testcase classname="APITestCase.Dashboard" name="ExportSalesExecutiveQuotationAnalytics" time="0.257"/>
  <testcase classname="APITestCase.Dashboard" name="ExportVendorPoorResponse" time="0.284"/>
  <testcase classname="APITestCase.Dashboard" name="ExportVendorQuickResponse" time="0.266"/>
  <testcase classname="APITestCase.Dashboard" name="ExportVendorStrikeRate" time="0.281"/>
  <testcase classname="APITestCase.Dashboard" name="GetDashboardData" time="0.157"/>
  <testcase classname="APITestCase.Dashboard" name="GetLeadAnalaytics" time="0.14"/>
  <testcase classname="APITestCase.Dashboard" name="GetOverDueTask" time="0.145"/>
  <testcase classname="APITestCase.Dashboard" name="GetQuotationAnalytics" time="0.158"/>
  <testcase classname="APITestCase.Dashboard" name="LeadConversionReport" time="0.154"/>
  <testcase classname="APITestCase.Dashboard" name="StockCheckAnalytics" time="0.163"/>
  <testcase classname="APITestCase.ManageInquiry" name="ExportInquiry" time="0.298"/>
  <testcase classname="APITestCase.ManageInquiry" name="GetVendorInquiry" time="0.165"/>
  <testcase classname="APITestCase.ManageInquiry" name="UpdateInquiryStatus" time="0.228"/>
  <testcase classname="MSNagile.Login" name="ForgotPassword" time="5.168"/>
  <testcase classname="MSNagile.Login" name="Login" time="0.234"/>
  <testcase classname="MSNagile.Login" name="Logout" time="0.123"/>
  <testcase classname="MSNagile.Login" name="Registration" time="5.721"/>
  <testcase classname="MSNagile.Login" name="ResetPassword" time="0.108"/>
  <testcase classname="MSNagile.Login" name="EmailVerification" time="0.116"/>
  <testcase classname="MSNagile.Login" name="GetProfile" time="0.196"/>
  <testcase classname="MSNagile.Login" name="RefreshToken" time="0.126"/>
  <testcase classname="MSNagile.ManageOrganization" name="Login" time="0.223"/>
  <testcase classname="MSNagile.ManageOrganization" name="GetOrgDetail" time="0.163"/>
  <testcase classname="MSNagile.ManageOrganization" name="GetTaxIdTypes" time="0.258"/>
  <testcase classname="MSNagile.ManageOrganization" name="UpdateOrg" time="0.19"/>
  <testcase classname="MSNagile.ManageSubscription" name="Login" time="0.415"/>
  <testcase classname="MSNagile.ManageSubscription" name="GetActivePlan" time="0.897"/>
  <testcase classname="MSNagile.ManageSubscription" name="GetConsumedStorage" time="1.073"/>
  <testcase classname="MSNagile.ManageSubscription" name="GetPaymentHistory" time="0.164"/>
  <testcase classname="MSNagile.ManageSubscription" name="SubscribePlan" time="0.38"/>
  <testcase classname="MSNagile.ManageUsersAndGroups" name="Login" time="0.241"/>
  <testcase classname="MSNagile.ManageUsersAndGroups" name="AssignGroupToUser" time="0.142"/>
  <testcase classname="MSNagile.ManageUsersAndGroups" name="CreateGroup" time="0.427"/>
  <testcase classname="MSNagile.ManageUsersAndGroups" name="DeleteGroup" time="0.138"/>
  <testcase classname="MSNagile.ManageUsersAndGroups" name="GetAllGroups" time="0.138"/>
  <testcase classname="MSNagile.ManageUsersAndGroups" name="GetAllRoles" time="0.124"/>
  <testcase classname="MSNagile.ManageUsersAndGroups" name="GetAllUsers" time="0.119"/>
  <testcase classname="MSNagile.ManageUsersAndGroups" name="GetAllUsersAndDeactivateIfActive" time="0.131"/>
  <testcase classname="MSNagile.ManageUsersAndGroups" name="InviteUser" time="0.369"/>
  <testcase classname="MSNagile.ManageUsersAndGroups" name="UpdateGroup" time="0.124"/>
  <testcase classname="MSNagile.SetupConfiguration" name="Login" time="0.217"/>
  <testcase classname="MSNagile.SetupConfiguration" name="CreateFields" time="0.136"/>
  <testcase classname="MSNagile.SetupConfiguration" name="CreateIssueType" time="0.108"/>
  <testcase classname="MSNagile.SetupConfiguration" name="CreateStatus" time="0.113"/>
  <testcase classname="MSNagile.SetupConfiguration" name="DeleteCustomIssueType" time="0.123">
    <failure type="java.lang.AssertionError" message="1 expectation failed.
JSON path message doesn&amp;apos;t match.
Expected: Successfully
  Actual: Incorrect IssueType id
">
      <![CDATA[java.lang.AssertionError: 1 expectation failed.
JSON path message doesn't match.
Expected: Successfully
  Actual: Incorrect IssueType id

at org.codehaus.groovy.runtime.callsite.ConstructorSite$ConstructorSiteNoUnwrapNoCoerce.callConstructor(ConstructorSite.java:108)
at org.codehaus.groovy.runtime.callsite.CallSiteArray.defaultCallConstructor(CallSiteArray.java:57)
at org.codehaus.groovy.runtime.callsite.AbstractCallSite.callConstructor(AbstractCallSite.java:263)
at org.codehaus.groovy.runtime.callsite.AbstractCallSite.callConstructor(AbstractCallSite.java:277)
at io.restassured.internal.ResponseSpecificationImpl$HamcrestAssertionClosure.validate(ResponseSpecificationImpl.groovy:512)
at io.restassured.internal.ResponseSpecificationImpl$HamcrestAssertionClosure$validate$1.call(Unknown Source)
at io.restassured.internal.ResponseSpecificationImpl.validateResponseIfRequired(ResponseSpecificationImpl.groovy:696)
at io.restassured.internal.ResponseSpecificationImpl.this$2$validateResponseIfRequired(ResponseSpecificationImpl.groovy)
at org.codehaus.groovy.runtime.callsite.PlainObjectMetaMethodSite.doInvoke(PlainObjectMetaMethodSite.java:43)
at org.codehaus.groovy.runtime.callsite.PogoMetaMethodSite$PogoCachedMethodSiteNoUnwrapNoCoerce.invoke(PogoMetaMethodSite.java:198)
at org.codehaus.groovy.runtime.callsite.PogoMetaMethodSite.callCurrent(PogoMetaMethodSite.java:62)
at org.codehaus.groovy.runtime.callsite.AbstractCallSite.callCurrent(AbstractCallSite.java:185)
at io.restassured.internal.ResponseSpecificationImpl.body(ResponseSpecificationImpl.groovy:270)
at io.restassured.specification.ResponseSpecification$body$1.callCurrent(Unknown Source)
at io.restassured.internal.ResponseSpecificationImpl.body(ResponseSpecificationImpl.groovy:117)
at io.restassured.internal.ValidatableResponseOptionsImpl.body(ValidatableResponseOptionsImpl.java:244)
at MSNagile.SetupConfiguration.DeleteCustomIssueType(SetupConfiguration.java:185)
at java.base/java.util.ArrayList.forEach(ArrayList.java:1511)
... Removed 36 stack frames]]>
    </failure>
  </testcase> <!-- DeleteCustomIssueType -->
  <testcase classname="MSNagile.SetupConfiguration" name="DeleteStatus" time="0.113"/>
  <testcase classname="MSNagile.SetupConfiguration" name="GetAllStatus" time="0.124"/>
  <testcase classname="MSNagile.SetupConfiguration" name="GetOrgFields" time="0.12"/>
  <testcase classname="MSNagile.SetupConfiguration" name="GetOrgTags" time="0.11"/>
  <testcase classname="MSNagile.SetupConfiguration" name="GetSystemIssueType" time="0.112"/>
  <testcase classname="MSNagile.SetupConfiguration" name="GetSystemWorkflows" time="0.113"/>
</testsuite> <!-- Test -->
