<?xml version="1.0" encoding="UTF-8"?>
<!-- Generated by org.testng.reporters.JUnitReportReporter -->
<testsuite hostname="KTLPT1386" failures="0" tests="7" name="APITestCase.RolesAndPermissions" time="1.220" errors="0" timestamp="2024-09-05T12:35:28 IST" skipped="0">
  <testcase classname="APITestCase.RolesAndPermissions" name="editRoleName" time="0.152"/>
  <system-out/>
  <testcase classname="APITestCase.RolesAndPermissions" name="deleteRole" time="0.132"/>
  <system-out/>
  <testcase classname="APITestCase.RolesAndPermissions" name="getRoleDetail" time="0.152"/>
  <system-out/>
  <testcase classname="APITestCase.RolesAndPermissions" name="createRole" time="0.207"/>
  <system-out/>
  <testcase classname="APITestCase.RolesAndPermissions" name="RoleList" time="0.239"/>
  <system-out/>
  <testcase classname="APITestCase.RolesAndPermissions" name="editRole" time="0.204"/>
  <system-out/>
  <testcase classname="APITestCase.RolesAndPermissions" name="getRoles" time="0.134"/>
  <system-out/>
</testsuite> <!-- APITestCase.RolesAndPermissions -->
