<?xml version="1.0" encoding="UTF-8"?>
<!-- Generated by org.testng.reporters.JUnitXMLReporter -->
<testsuite ignored="8" hostname="KTLPT1386" failures="0" tests="2" name="Default test" time="2.85" errors="0" timestamp="2024-09-03T13:02:44 IST">
  <testcase classname="MSNagile.SetupConfiguration" name="Login" time="2.185"/>
  <testcase classname="MSNagile.SetupConfiguration" name="DeleteStatus" time="0.183"/>
  <testcase classname="MSNagile.SetupConfiguration" name="GetSystemWorkflows" time="0.0">
    <ignored/>
  </testcase> <!-- GetSystemWorkflows -->
  <testcase classname="MSNagile.SetupConfiguration" name="GetOrgTags" time="0.0">
    <ignored/>
  </testcase> <!-- GetOrgTags -->
  <testcase classname="MSNagile.SetupConfiguration" name="DeleteCustomIssueType" time="0.0">
    <ignored/>
  </testcase> <!-- DeleteCustomIssueType -->
  <testcase classname="MSNagile.SetupConfiguration" name="GetSystemIssueType" time="0.0">
    <ignored/>
  </testcase> <!-- GetSystemIssueType -->
  <testcase classname="MSNagile.SetupConfiguration" name="GetOrgFields" time="0.0">
    <ignored/>
  </testcase> <!-- GetOrgFields -->
  <testcase classname="MSNagile.SetupConfiguration" name="GetAllStatus" time="0.0">
    <ignored/>
  </testcase> <!-- GetAllStatus -->
  <testcase classname="MSNagile.SetupConfiguration" name="CreateStatus" time="0.0">
    <ignored/>
  </testcase> <!-- CreateStatus -->
  <testcase classname="MSNagile.SetupConfiguration" name="CreateIssueType" time="0.0">
    <ignored/>
  </testcase> <!-- CreateIssueType -->
</testsuite> <!-- Default test -->
