<?xml version="1.0" encoding="UTF-8"?>
<!-- Generated by org.testng.reporters.JUnitXMLReporter -->
<testsuite ignored="0" hostname="KTLPT1386" failures="3" tests="130" name="Test" time="61.157" errors="0" timestamp="2024-09-05T12:35:28 IST">
  <testcase classname="APITestCase.Login" name="OtpVerification" time="0.314"/>
  <testcase classname="APITestCase.Login" name="ResetPassword" time="0.188"/>
  <testcase classname="APITestCase.Login" name="LoginWithOtp" time="0.33"/>
  <testcase classname="APITestCase.Login" name="LoginWithPassword" time="0.451"/>
  <testcase classname="APITestCase.Login" name="Logout" time="0.184"/>
  <testcase classname="APITestCase.Login" name="UserProfile" time="0.178"/>
  <testcase classname="APITestCase.Login" name="TestResetPassword" time="0.164"/>
  <testcase classname="APITestCase.ManageUser" name="AddUser" time="0.472"/>
  <testcase classname="APITestCase.ManageUser" name="ExportUser" time="1.0"/>
  <testcase classname="APITestCase.ManageUser" name="GetBranches" time="0.169"/>
  <testcase classname="APITestCase.ManageUser" name="GetUser" time="0.551"/>
  <testcase classname="APITestCase.ManageUser" name="GetVendorCompany" time="0.185"/>
  <testcase classname="APITestCase.ManageUser" name="ResendPassword" time="1.536"/>
  <testcase classname="APITestCase.ManageUser" name="ResetPassword" time="0.145"/>
  <testcase classname="APITestCase.ManageUser" name="RoleList" time="0.252"/>
  <testcase classname="APITestCase.ManageUser" name="UpdateUser" time="0.195"/>
  <testcase classname="APITestCase.ManageUser" name="UpdateUserStatus" time="0.144"/>
  <testcase classname="APITestCase.ManageUser" name="UploadUserProfileImage" time="0.356"/>
  <testcase classname="APITestCase.ManageUser" name="UsersCount" time="0.761"/>
  <testcase classname="APITestCase.ManageLead" name="AddLead" time="0.613">
    <failure type="java.lang.NullPointerException" message="Cannot invoke &amp;quot;java.lang.Integer.intValue()&amp;quot; because the return value of &amp;quot;io.restassured.path.json.JsonPath.get(String)&amp;quot; is null">
      <![CDATA[java.lang.NullPointerException: Cannot invoke "java.lang.Integer.intValue()" because the return value of "io.restassured.path.json.JsonPath.get(String)" is null
at APITestCase.ManageLead.AddLead(ManageLead.java:97)
at java.base/java.util.ArrayList.forEach(ArrayList.java:1511)
... Removed 27 stack frames]]>
    </failure>
  </testcase> <!-- AddLead -->
  <testcase classname="APITestCase.ManageLead" name="AddLeadActivity" time="0.221"/>
  <testcase classname="APITestCase.ManageLead" name="AddTaskForLead" time="0.177"/>
  <testcase classname="APITestCase.ManageLead" name="CheckLeadNumbers" time="0.112"/>
  <testcase classname="APITestCase.ManageLead" name="DeleteAttachment" time="0.114"/>
  <testcase classname="APITestCase.ManageLead" name="ExportLeads" time="2.463"/>
  <testcase classname="APITestCase.ManageLead" name="GetCity" time="0.139"/>
  <testcase classname="APITestCase.ManageLead" name="GetLeadActivity" time="0.091"/>
  <testcase classname="APITestCase.ManageLead" name="GetLeadDetails" time="0.158"/>
  <testcase classname="APITestCase.ManageLead" name="GetLeadHistory" time="0.137"/>
  <testcase classname="APITestCase.ManageLead" name="GetLeadOwner" time="0.191"/>
  <testcase classname="APITestCase.ManageLead" name="GetLeadStage" time="0.103"/>
  <testcase classname="APITestCase.ManageLead" name="GetLeadTask" time="0.198"/>
  <testcase classname="APITestCase.ManageLead" name="GetLeads" time="2.292"/>
  <testcase classname="APITestCase.ManageLead" name="GetRequirement" time="0.106"/>
  <testcase classname="APITestCase.ManageLead" name="GetStates" time="0.116"/>
  <testcase classname="APITestCase.ManageLead" name="GetTaskByLeadId" time="0.134"/>
  <testcase classname="APITestCase.ManageLead" name="MarkLeadAsStar" time="0.16"/>
  <testcase classname="APITestCase.ManageLead" name="MarkTaskAsCompleted" time="0.155"/>
  <testcase classname="APITestCase.ManageLead" name="RescheduleTask" time="0.165"/>
  <testcase classname="APITestCase.ManageLead" name="UpdateLead" time="0.162">
    <failure type="java.lang.AssertionError" message="1 expectation failed.
JSON path message doesn&amp;apos;t match.
Expected: Lead updated successfully.
  Actual: Pincode must be 6 digit
">
      <![CDATA[java.lang.AssertionError: 1 expectation failed.
JSON path message doesn't match.
Expected: Lead updated successfully.
  Actual: Pincode must be 6 digit

at org.codehaus.groovy.runtime.callsite.ConstructorSite$ConstructorSiteNoUnwrapNoCoerce.callConstructor(ConstructorSite.java:108)
at org.codehaus.groovy.runtime.callsite.CallSiteArray.defaultCallConstructor(CallSiteArray.java:57)
at org.codehaus.groovy.runtime.callsite.AbstractCallSite.callConstructor(AbstractCallSite.java:263)
at org.codehaus.groovy.runtime.callsite.AbstractCallSite.callConstructor(AbstractCallSite.java:277)
at io.restassured.internal.ResponseSpecificationImpl$HamcrestAssertionClosure.validate(ResponseSpecificationImpl.groovy:512)
at io.restassured.internal.ResponseSpecificationImpl$HamcrestAssertionClosure$validate$1.call(Unknown Source)
at io.restassured.internal.ResponseSpecificationImpl.validateResponseIfRequired(ResponseSpecificationImpl.groovy:696)
at io.restassured.internal.ResponseSpecificationImpl.this$2$validateResponseIfRequired(ResponseSpecificationImpl.groovy)
at org.codehaus.groovy.runtime.callsite.PlainObjectMetaMethodSite.doInvoke(PlainObjectMetaMethodSite.java:43)
at org.codehaus.groovy.runtime.callsite.PogoMetaMethodSite$PogoCachedMethodSiteNoUnwrapNoCoerce.invoke(PogoMetaMethodSite.java:198)
at org.codehaus.groovy.runtime.callsite.PogoMetaMethodSite.callCurrent(PogoMetaMethodSite.java:62)
at org.codehaus.groovy.runtime.callsite.AbstractCallSite.callCurrent(AbstractCallSite.java:185)
at io.restassured.internal.ResponseSpecificationImpl.body(ResponseSpecificationImpl.groovy:270)
at io.restassured.specification.ResponseSpecification$body$1.callCurrent(Unknown Source)
at io.restassured.internal.ResponseSpecificationImpl.body(ResponseSpecificationImpl.groovy:117)
at io.restassured.internal.ValidatableResponseOptionsImpl.body(ValidatableResponseOptionsImpl.java:244)
at APITestCase.ManageLead.UpdateLead(ManageLead.java:136)
at java.base/java.util.ArrayList.forEach(ArrayList.java:1511)
... Removed 36 stack frames]]>
    </failure>
  </testcase> <!-- UpdateLead -->
  <testcase classname="APITestCase.ManageLead" name="UploadLeadAttachment" time="0.309"/>
  <testcase classname="APITestCase.ManageLead" name="UpdateLeadStage" time="0.0">
    <skipped/>
  </testcase> <!-- UpdateLeadStage -->
  <testcase classname="APITestCase.ManageInventory" name="AddInventory" time="0.271"/>
  <testcase classname="APITestCase.ManageInventory" name="DeleteImage" time="0.105"/>
  <testcase classname="APITestCase.ManageInventory" name="GetProductDetails" time="0.132"/>
  <testcase classname="APITestCase.ManageInventory" name="UpdateProduct" time="0.164"/>
  <testcase classname="APITestCase.ManageInventory" name="AddProductImage" time="0.539"/>
  <testcase classname="APITestCase.ManageInventory" name="GetInventory" time="0.19"/>
  <testcase classname="APITestCase.ManageQuotation" name="AddLead" time="0.174"/>
  <testcase classname="APITestCase.ManageQuotation" name="AddQuotation" time="0.194"/>
  <testcase classname="APITestCase.ManageQuotation" name="AddShippingAddress" time="0.207"/>
  <testcase classname="APITestCase.ManageQuotation" name="ConvertToOrder" time="0.74"/>
  <testcase classname="APITestCase.ManageQuotation" name="DeleteQuotation" time="0.148"/>
  <testcase classname="APITestCase.ManageQuotation" name="DownloadQuotation" time="3.225"/>
  <testcase classname="APITestCase.ManageQuotation" name="ExportQuotation" time="0.224"/>
  <testcase classname="APITestCase.ManageQuotation" name="GetQuotation" time="1.208"/>
  <testcase classname="APITestCase.ManageQuotation" name="QuotationDetail" time="0.141"/>
  <testcase classname="APITestCase.ManageQuotation" name="UpdateBillingAddress" time="0.18"/>
  <testcase classname="APITestCase.ManageQuotation" name="UpdateQuotation" time="1.23"/>
  <testcase classname="APITestCase.ManageQuotation" name="UpdateShippingAddress" time="0.157"/>
  <testcase classname="APITestCase.ManageQuotation" name="AddBillingAddress" time="0.125"/>
  <testcase classname="APITestCase.ManageQuotation" name="RecheckStock" time="1.714"/>
  <testcase classname="APITestCase.ManageProfile" name="testChangePassword" time="0.184"/>
  <testcase classname="APITestCase.ManageProfile" name="testGetUserProfile" time="0.157"/>
  <testcase classname="APITestCase.ManageProfile" name="testRemoveProfileImage" time="1.339"/>
  <testcase classname="APITestCase.ManageProfile" name="testUploadProfileImage" time="0.274"/>
  <testcase classname="APITestCase.ManageProfile" name="testUpdateUserProfile" time="0.202"/>
  <testcase classname="APITestCase.RolesAndPermissions" name="RoleList" time="0.239"/>
  <testcase classname="APITestCase.RolesAndPermissions" name="createRole" time="0.207"/>
  <testcase classname="APITestCase.RolesAndPermissions" name="deleteRole" time="0.132"/>
  <testcase classname="APITestCase.RolesAndPermissions" name="editRole" time="0.204"/>
  <testcase classname="APITestCase.RolesAndPermissions" name="getRoles" time="0.134"/>
  <testcase classname="APITestCase.RolesAndPermissions" name="editRoleName" time="0.152"/>
  <testcase classname="APITestCase.RolesAndPermissions" name="getRoleDetail" time="0.152"/>
  <testcase classname="APITestCase.Dashboard" name="ExportLeadConversionReport" time="0.295"/>
  <testcase classname="APITestCase.Dashboard" name="ExportLeadGenerationSources" time="0.283"/>
  <testcase classname="APITestCase.Dashboard" name="ExportLeadOverDueTask" time="0.273"/>
  <testcase classname="APITestCase.Dashboard" name="ExportNotYetConvertedQuotation" time="0.268"/>
  <testcase classname="APITestCase.Dashboard" name="ExportQuotationAnalytics" time="0.272"/>
  <testcase classname="APITestCase.Dashboard" name="ExportSalesExecutiveQuotationAnalytics" time="0.437"/>
  <testcase classname="APITestCase.Dashboard" name="ExportVendorPoorResponse" time="0.291"/>
  <testcase classname="APITestCase.Dashboard" name="ExportVendorQuickResponse" time="0.292"/>
  <testcase classname="APITestCase.Dashboard" name="ExportVendorStrikeRate" time="0.317"/>
  <testcase classname="APITestCase.Dashboard" name="GetDashboardData" time="0.173"/>
  <testcase classname="APITestCase.Dashboard" name="GetLeadAnalaytics" time="0.153"/>
  <testcase classname="APITestCase.Dashboard" name="GetOverDueTask" time="0.156"/>
  <testcase classname="APITestCase.Dashboard" name="GetQuotationAnalytics" time="0.153"/>
  <testcase classname="APITestCase.Dashboard" name="LeadConversionReport" time="0.183"/>
  <testcase classname="APITestCase.Dashboard" name="StockCheckAnalytics" time="0.184"/>
  <testcase classname="APITestCase.ManageInquiry" name="ExportInquiry" time="0.333"/>
  <testcase classname="APITestCase.ManageInquiry" name="GetVendorInquiry" time="0.141"/>
  <testcase classname="APITestCase.ManageInquiry" name="UpdateInquiryStatus" time="0.207"/>
  <testcase classname="MSNagile.Login" name="ForgotPassword" time="4.47"/>
  <testcase classname="MSNagile.Login" name="Login" time="0.239"/>
  <testcase classname="MSNagile.Login" name="Logout" time="0.235"/>
  <testcase classname="MSNagile.Login" name="Registration" time="6.082"/>
  <testcase classname="MSNagile.Login" name="ResetPassword" time="0.102"/>
  <testcase classname="MSNagile.Login" name="EmailVerification" time="0.121"/>
  <testcase classname="MSNagile.Login" name="GetProfile" time="0.215"/>
  <testcase classname="MSNagile.Login" name="RefreshToken" time="1.248"/>
  <testcase classname="MSNagile.ManageOrganization" name="Login" time="0.26"/>
  <testcase classname="MSNagile.ManageOrganization" name="GetOrgDetail" time="0.123"/>
  <testcase classname="MSNagile.ManageOrganization" name="GetTaxIdTypes" time="0.129"/>
  <testcase classname="MSNagile.ManageOrganization" name="UpdateOrg" time="1.293"/>
  <testcase classname="MSNagile.ManageSubscription" name="Login" time="0.223"/>
  <testcase classname="MSNagile.ManageSubscription" name="GetActivePlan" time="1.18"/>
  <testcase classname="MSNagile.ManageSubscription" name="GetConsumedStorage" time="0.194"/>
  <testcase classname="MSNagile.ManageSubscription" name="GetPaymentHistory" time="0.144"/>
  <testcase classname="MSNagile.ManageSubscription" name="SubscribePlan" time="0.364"/>
  <testcase classname="MSNagile.ManageUsersAndGroups" name="Login" time="0.22"/>
  <testcase classname="MSNagile.ManageUsersAndGroups" name="AssignGroupToUser" time="0.124"/>
  <testcase classname="MSNagile.ManageUsersAndGroups" name="CreateGroup" time="0.386"/>
  <testcase classname="MSNagile.ManageUsersAndGroups" name="DeleteGroup" time="0.091"/>
  <testcase classname="MSNagile.ManageUsersAndGroups" name="GetAllGroups" time="0.114"/>
  <testcase classname="MSNagile.ManageUsersAndGroups" name="GetAllRoles" time="0.144"/>
  <testcase classname="MSNagile.ManageUsersAndGroups" name="GetAllUsers" time="0.121"/>
  <testcase classname="MSNagile.ManageUsersAndGroups" name="GetAllUsersAndDeactivateIfActive" time="0.145"/>
  <testcase classname="MSNagile.ManageUsersAndGroups" name="InviteUser" time="0.368"/>
  <testcase classname="MSNagile.ManageUsersAndGroups" name="UpdateGroup" time="0.109"/>
  <testcase classname="MSNagile.SetupConfiguration" name="Login" time="0.228"/>
  <testcase classname="MSNagile.SetupConfiguration" name="CreateFields" time="0.571"/>
  <testcase classname="MSNagile.SetupConfiguration" name="CreateIssueType" time="0.11"/>
  <testcase classname="MSNagile.SetupConfiguration" name="CreateStatus" time="0.143"/>
  <testcase classname="MSNagile.SetupConfiguration" name="DeleteCustomIssueType" time="0.209">
    <failure type="java.lang.AssertionError" message="1 expectation failed.
JSON path message doesn&amp;apos;t match.
Expected: Successfully
  Actual: Incorrect IssueType id
">
      <![CDATA[java.lang.AssertionError: 1 expectation failed.
JSON path message doesn't match.
Expected: Successfully
  Actual: Incorrect IssueType id

at org.codehaus.groovy.runtime.callsite.ConstructorSite$ConstructorSiteNoUnwrapNoCoerce.callConstructor(ConstructorSite.java:108)
at org.codehaus.groovy.runtime.callsite.AbstractCallSite.callConstructor(AbstractCallSite.java:277)
at io.restassured.internal.ResponseSpecificationImpl$HamcrestAssertionClosure.validate(ResponseSpecificationImpl.groovy:512)
at io.restassured.internal.ResponseSpecificationImpl$HamcrestAssertionClosure$validate$1.call(Unknown Source)
at io.restassured.internal.ResponseSpecificationImpl.validateResponseIfRequired(ResponseSpecificationImpl.groovy:696)
at io.restassured.internal.ResponseSpecificationImpl.this$2$validateResponseIfRequired(ResponseSpecificationImpl.groovy)
at org.codehaus.groovy.runtime.callsite.PlainObjectMetaMethodSite.doInvoke(PlainObjectMetaMethodSite.java:43)
at org.codehaus.groovy.runtime.callsite.PogoMetaMethodSite$PogoCachedMethodSiteNoUnwrapNoCoerce.invoke(PogoMetaMethodSite.java:198)
at org.codehaus.groovy.runtime.callsite.PogoMetaMethodSite.callCurrent(PogoMetaMethodSite.java:62)
at org.codehaus.groovy.runtime.callsite.AbstractCallSite.callCurrent(AbstractCallSite.java:185)
at io.restassured.internal.ResponseSpecificationImpl.body(ResponseSpecificationImpl.groovy:270)
at io.restassured.specification.ResponseSpecification$body$1.callCurrent(Unknown Source)
at io.restassured.internal.ResponseSpecificationImpl.body(ResponseSpecificationImpl.groovy:117)
at io.restassured.internal.ValidatableResponseOptionsImpl.body(ValidatableResponseOptionsImpl.java:244)
at MSNagile.SetupConfiguration.DeleteCustomIssueType(SetupConfiguration.java:185)
at java.base/java.util.ArrayList.forEach(ArrayList.java:1511)
... Removed 36 stack frames]]>
    </failure>
  </testcase> <!-- DeleteCustomIssueType -->
  <testcase classname="MSNagile.SetupConfiguration" name="DeleteStatus" time="0.512"/>
  <testcase classname="MSNagile.SetupConfiguration" name="GetAllStatus" time="0.167"/>
  <testcase classname="MSNagile.SetupConfiguration" name="GetOrgFields" time="0.122"/>
  <testcase classname="MSNagile.SetupConfiguration" name="GetOrgTags" time="0.155"/>
  <testcase classname="MSNagile.SetupConfiguration" name="GetSystemIssueType" time="0.155"/>
  <testcase classname="MSNagile.SetupConfiguration" name="GetSystemWorkflows" time="0.141"/>
</testsuite> <!-- Test -->
